(0000) 3100  0011000100000000 (   1)                 .ORIG x3100
(3100) 0053  0000000001010011 (   3)                 .FILL x0053
(3101) 0069  0000000001101001 (   3)                 .FILL x0069
(3102) 006D  0000000001101101 (   3)                 .FILL x006D
(3103) 0070  0000000001110000 (   3)                 .FILL x0070
(3104) 006C  0000000001101100 (   3)                 .FILL x006C
(3105) 0065  0000000001100101 (   3)                 .FILL x0065
(3106) 0020  0000000000100000 (   3)                 .FILL x0020
(3107) 0053  0000000001010011 (   3)                 .FILL x0053
(3108) 0069  0000000001101001 (   3)                 .FILL x0069
(3109) 006D  0000000001101101 (   3)                 .FILL x006D
(310A) 006F  0000000001101111 (   3)                 .FILL x006F
(310B) 006E  0000000001101110 (   3)                 .FILL x006E
(310C) 0020  0000000000100000 (   3)                 .FILL x0020
(310D) 006D  0000000001101101 (   3)                 .FILL x006D
(310E) 0065  0000000001100101 (   3)                 .FILL x0065
(310F) 0074  0000000001110100 (   3)                 .FILL x0074
(3110) 0020  0000000000100000 (   3)                 .FILL x0020
(3111) 0061  0000000001100001 (   3)                 .FILL x0061
(3112) 0020  0000000000100000 (   3)                 .FILL x0020
(3113) 0070  0000000001110000 (   3)                 .FILL x0070
(3114) 0069  0000000001101001 (   3)                 .FILL x0069
(3115) 0065  0000000001100101 (   3)                 .FILL x0065
(3116) 006D  0000000001101101 (   3)                 .FILL x006D
(3117) 0061  0000000001100001 (   3)                 .FILL x0061
(3118) 006E  0000000001101110 (   3)                 .FILL x006E
(3119) 002C  0000000000101100 (   3)                 .FILL x002C
(311A) 0000  0000000000000000 (   3)                 .FILL x0000
(311B) 0047  0000000001000111 (   4)                 .FILL x0047
(311C) 006F  0000000001101111 (   4)                 .FILL x006F
(311D) 0069  0000000001101001 (   4)                 .FILL x0069
(311E) 006E  0000000001101110 (   4)                 .FILL x006E
(311F) 0067  0000000001100111 (   4)                 .FILL x0067
(3120) 0020  0000000000100000 (   4)                 .FILL x0020
(3121) 0074  0000000001110100 (   4)                 .FILL x0074
(3122) 006F  0000000001101111 (   4)                 .FILL x006F
(3123) 0020  0000000000100000 (   4)                 .FILL x0020
(3124) 0074  0000000001110100 (   4)                 .FILL x0074
(3125) 0068  0000000001101000 (   4)                 .FILL x0068
(3126) 0065  0000000001100101 (   4)                 .FILL x0065
(3127) 0020  0000000000100000 (   4)                 .FILL x0020
(3128) 0066  0000000001100110 (   4)                 .FILL x0066
(3129) 0061  0000000001100001 (   4)                 .FILL x0061
(312A) 0069  0000000001101001 (   4)                 .FILL x0069
(312B) 0072  0000000001110010 (   4)                 .FILL x0072
(312C) 003B  0000000000111011 (   4)                 .FILL x003B
(312D) 0000  0000000000000000 (   4)                 .FILL x0000
(312E) 0053  0000000001010011 (   5)                 .FILL x0053
(312F) 0061  0000000001100001 (   5)                 .FILL x0061
(3130) 0079  0000000001111001 (   5)                 .FILL x0079
(3131) 0073  0000000001110011 (   5)                 .FILL x0073
(3132) 0020  0000000000100000 (   5)                 .FILL x0020
(3133) 0053  0000000001010011 (   5)                 .FILL x0053
(3134) 0069  0000000001101001 (   5)                 .FILL x0069
(3135) 006D  0000000001101101 (   5)                 .FILL x006D
(3136) 0070  0000000001110000 (   5)                 .FILL x0070
(3137) 006C  0000000001101100 (   5)                 .FILL x006C
(3138) 0065  0000000001100101 (   5)                 .FILL x0065
(3139) 0020  0000000000100000 (   5)                 .FILL x0020
(313A) 0053  0000000001010011 (   5)                 .FILL x0053
(313B) 0069  0000000001101001 (   5)                 .FILL x0069
(313C) 006D  0000000001101101 (   5)                 .FILL x006D
(313D) 006F  0000000001101111 (   5)                 .FILL x006F
(313E) 006E  0000000001101110 (   5)                 .FILL x006E
(313F) 0020  0000000000100000 (   5)                 .FILL x0020
(3140) 0074  0000000001110100 (   5)                 .FILL x0074
(3141) 006F  0000000001101111 (   5)                 .FILL x006F
(3142) 0020  0000000000100000 (   5)                 .FILL x0020
(3143) 0074  0000000001110100 (   5)                 .FILL x0074
(3144) 0068  0000000001101000 (   5)                 .FILL x0068
(3145) 0065  0000000001100101 (   5)                 .FILL x0065
(3146) 0020  0000000000100000 (   5)                 .FILL x0020
(3147) 0070  0000000001110000 (   5)                 .FILL x0070
(3148) 0069  0000000001101001 (   5)                 .FILL x0069
(3149) 0065  0000000001100101 (   5)                 .FILL x0065
(314A) 006D  0000000001101101 (   5)                 .FILL x006D
(314B) 0061  0000000001100001 (   5)                 .FILL x0061
(314C) 006E  0000000001101110 (   5)                 .FILL x006E
(314D) 002C  0000000000101100 (   5)                 .FILL x002C
(314E) 0000  0000000000000000 (   5)                 .FILL x0000
(314F) 004C  0000000001001100 (   6)                 .FILL x004C
(3150) 0065  0000000001100101 (   6)                 .FILL x0065
(3151) 0074  0000000001110100 (   6)                 .FILL x0074
(3152) 0020  0000000000100000 (   6)                 .FILL x0020
(3153) 006D  0000000001101101 (   6)                 .FILL x006D
(3154) 0065  0000000001100101 (   6)                 .FILL x0065
(3155) 0020  0000000000100000 (   6)                 .FILL x0020
(3156) 0074  0000000001110100 (   6)                 .FILL x0074
(3157) 0061  0000000001100001 (   6)                 .FILL x0061
(3158) 0073  0000000001110011 (   6)                 .FILL x0073
(3159) 0074  0000000001110100 (   6)                 .FILL x0074
(315A) 0065  0000000001100101 (   6)                 .FILL x0065
(315B) 0020  0000000000100000 (   6)                 .FILL x0020
(315C) 0079  0000000001111001 (   6)                 .FILL x0079
(315D) 006F  0000000001101111 (   6)                 .FILL x006F
(315E) 0075  0000000001110101 (   6)                 .FILL x0075
(315F) 0072  0000000001110010 (   6)                 .FILL x0072
(3160) 0020  0000000000100000 (   6)                 .FILL x0020
(3161) 0077  0000000001110111 (   6)                 .FILL x0077
(3162) 0061  0000000001100001 (   6)                 .FILL x0061
(3163) 0072  0000000001110010 (   6)                 .FILL x0072
(3164) 0065  0000000001100101 (   6)                 .FILL x0065
(3165) 002E  0000000000101110 (   6)                 .FILL x002E
(3166) 0000  0000000000000000 (   6)                 .FILL x0000
(3167) 0053  0000000001010011 (   8)                 .FILL x0053
(3168) 0061  0000000001100001 (   8)                 .FILL x0061
(3169) 0079  0000000001111001 (   8)                 .FILL x0079
(316A) 0073  0000000001110011 (   8)                 .FILL x0073
(316B) 0020  0000000000100000 (   8)                 .FILL x0020
(316C) 0074  0000000001110100 (   8)                 .FILL x0074
(316D) 0068  0000000001101000 (   8)                 .FILL x0068
(316E) 0065  0000000001100101 (   8)                 .FILL x0065
(316F) 0020  0000000000100000 (   8)                 .FILL x0020
(3170) 0070  0000000001110000 (   8)                 .FILL x0070
(3171) 0069  0000000001101001 (   8)                 .FILL x0069
(3172) 0065  0000000001100101 (   8)                 .FILL x0065
(3173) 006D  0000000001101101 (   8)                 .FILL x006D
(3174) 0061  0000000001100001 (   8)                 .FILL x0061
(3175) 006E  0000000001101110 (   8)                 .FILL x006E
(3176) 0020  0000000000100000 (   8)                 .FILL x0020
(3177) 0074  0000000001110100 (   8)                 .FILL x0074
(3178) 006F  0000000001101111 (   8)                 .FILL x006F
(3179) 0020  0000000000100000 (   8)                 .FILL x0020
(317A) 0053  0000000001010011 (   8)                 .FILL x0053
(317B) 0069  0000000001101001 (   8)                 .FILL x0069
(317C) 006D  0000000001101101 (   8)                 .FILL x006D
(317D) 0070  0000000001110000 (   8)                 .FILL x0070
(317E) 006C  0000000001101100 (   8)                 .FILL x006C
(317F) 0065  0000000001100101 (   8)                 .FILL x0065
(3180) 0020  0000000000100000 (   8)                 .FILL x0020
(3181) 0053  0000000001010011 (   8)                 .FILL x0053
(3182) 0069  0000000001101001 (   8)                 .FILL x0069
(3183) 006D  0000000001101101 (   8)                 .FILL x006D
(3184) 006F  0000000001101111 (   8)                 .FILL x006F
(3185) 006E  0000000001101110 (   8)                 .FILL x006E
(3186) 002C  0000000000101100 (   8)                 .FILL x002C
(3187) 0000  0000000000000000 (   8)                 .FILL x0000
(3188) 0053  0000000001010011 (   9)                 .FILL x0053
(3189) 0068  0000000001101000 (   9)                 .FILL x0068
(318A) 006F  0000000001101111 (   9)                 .FILL x006F
(318B) 0077  0000000001110111 (   9)                 .FILL x0077
(318C) 0020  0000000000100000 (   9)                 .FILL x0020
(318D) 006D  0000000001101101 (   9)                 .FILL x006D
(318E) 0065  0000000001100101 (   9)                 .FILL x0065
(318F) 0020  0000000000100000 (   9)                 .FILL x0020
(3190) 0066  0000000001100110 (   9)                 .FILL x0066
(3191) 0069  0000000001101001 (   9)                 .FILL x0069
(3192) 0072  0000000001110010 (   9)                 .FILL x0072
(3193) 0073  0000000001110011 (   9)                 .FILL x0073
(3194) 0074  0000000001110100 (   9)                 .FILL x0074
(3195) 0020  0000000000100000 (   9)                 .FILL x0020
(3196) 0079  0000000001111001 (   9)                 .FILL x0079
(3197) 006F  0000000001101111 (   9)                 .FILL x006F
(3198) 0075  0000000001110101 (   9)                 .FILL x0075
(3199) 0072  0000000001110010 (   9)                 .FILL x0072
(319A) 0020  0000000000100000 (   9)                 .FILL x0020
(319B) 0070  0000000001110000 (   9)                 .FILL x0070
(319C) 0065  0000000001100101 (   9)                 .FILL x0065
(319D) 006E  0000000001101110 (   9)                 .FILL x006E
(319E) 006E  0000000001101110 (   9)                 .FILL x006E
(319F) 0079  0000000001111001 (   9)                 .FILL x0079
(31A0) 003B  0000000000111011 (   9)                 .FILL x003B
(31A1) 0000  0000000000000000 (   9)                 .FILL x0000
(31A2) 0053  0000000001010011 (  10)                 .FILL x0053
(31A3) 0061  0000000001100001 (  10)                 .FILL x0061
(31A4) 0079  0000000001111001 (  10)                 .FILL x0079
(31A5) 0073  0000000001110011 (  10)                 .FILL x0073
(31A6) 0020  0000000000100000 (  10)                 .FILL x0020
(31A7) 0053  0000000001010011 (  10)                 .FILL x0053
(31A8) 0069  0000000001101001 (  10)                 .FILL x0069
(31A9) 006D  0000000001101101 (  10)                 .FILL x006D
(31AA) 0070  0000000001110000 (  10)                 .FILL x0070
(31AB) 006C  0000000001101100 (  10)                 .FILL x006C
(31AC) 0065  0000000001100101 (  10)                 .FILL x0065
(31AD) 0020  0000000000100000 (  10)                 .FILL x0020
(31AE) 0053  0000000001010011 (  10)                 .FILL x0053
(31AF) 0069  0000000001101001 (  10)                 .FILL x0069
(31B0) 006D  0000000001101101 (  10)                 .FILL x006D
(31B1) 006F  0000000001101111 (  10)                 .FILL x006F
(31B2) 006E  0000000001101110 (  10)                 .FILL x006E
(31B3) 0020  0000000000100000 (  10)                 .FILL x0020
(31B4) 0074  0000000001110100 (  10)                 .FILL x0074
(31B5) 006F  0000000001101111 (  10)                 .FILL x006F
(31B6) 0020  0000000000100000 (  10)                 .FILL x0020
(31B7) 0074  0000000001110100 (  10)                 .FILL x0074
(31B8) 0068  0000000001101000 (  10)                 .FILL x0068
(31B9) 0065  0000000001100101 (  10)                 .FILL x0065
(31BA) 0020  0000000000100000 (  10)                 .FILL x0020
(31BB) 0070  0000000001110000 (  10)                 .FILL x0070
(31BC) 0069  0000000001101001 (  10)                 .FILL x0069
(31BD) 0065  0000000001100101 (  10)                 .FILL x0065
(31BE) 006D  0000000001101101 (  10)                 .FILL x006D
(31BF) 0061  0000000001100001 (  10)                 .FILL x0061
(31C0) 006E  0000000001101110 (  10)                 .FILL x006E
(31C1) 002C  0000000000101100 (  10)                 .FILL x002C
(31C2) 0000  0000000000000000 (  10)                 .FILL x0000
(31C3) 0049  0000000001001001 (  11)                 .FILL x0049
(31C4) 006E  0000000001101110 (  11)                 .FILL x006E
(31C5) 0064  0000000001100100 (  11)                 .FILL x0064
(31C6) 0065  0000000001100101 (  11)                 .FILL x0065
(31C7) 0065  0000000001100101 (  11)                 .FILL x0065
(31C8) 0064  0000000001100100 (  11)                 .FILL x0064
(31C9) 0020  0000000000100000 (  11)                 .FILL x0020
(31CA) 0049  0000000001001001 (  11)                 .FILL x0049
(31CB) 0020  0000000000100000 (  11)                 .FILL x0020
(31CC) 0068  0000000001101000 (  11)                 .FILL x0068
(31CD) 0061  0000000001100001 (  11)                 .FILL x0061
(31CE) 0076  0000000001110110 (  11)                 .FILL x0076
(31CF) 0065  0000000001100101 (  11)                 .FILL x0065
(31D0) 0020  0000000000100000 (  11)                 .FILL x0020
(31D1) 006E  0000000001101110 (  11)                 .FILL x006E
(31D2) 006F  0000000001101111 (  11)                 .FILL x006F
(31D3) 0074  0000000001110100 (  11)                 .FILL x0074
(31D4) 0020  0000000000100000 (  11)                 .FILL x0020
(31D5) 0061  0000000001100001 (  11)                 .FILL x0061
(31D6) 006E  0000000001101110 (  11)                 .FILL x006E
(31D7) 0079  0000000001111001 (  11)                 .FILL x0079
(31D8) 002E  0000000000101110 (  11)                 .FILL x002E
(31D9) 0000  0000000000000000 (  11)                 .FILL x0000
(31DA) 0053  0000000001010011 (  13)                 .FILL x0053
(31DB) 0069  0000000001101001 (  13)                 .FILL x0069
(31DC) 006D  0000000001101101 (  13)                 .FILL x006D
(31DD) 0070  0000000001110000 (  13)                 .FILL x0070
(31DE) 006C  0000000001101100 (  13)                 .FILL x006C
(31DF) 0065  0000000001100101 (  13)                 .FILL x0065
(31E0) 0020  0000000000100000 (  13)                 .FILL x0020
(31E1) 0053  0000000001010011 (  13)                 .FILL x0053
(31E2) 0069  0000000001101001 (  13)                 .FILL x0069
(31E3) 006D  0000000001101101 (  13)                 .FILL x006D
(31E4) 006F  0000000001101111 (  13)                 .FILL x006F
(31E5) 006E  0000000001101110 (  13)                 .FILL x006E
(31E6) 0020  0000000000100000 (  13)                 .FILL x0020
(31E7) 0077  0000000001110111 (  13)                 .FILL x0077
(31E8) 0065  0000000001100101 (  13)                 .FILL x0065
(31E9) 006E  0000000001101110 (  13)                 .FILL x006E
(31EA) 0074  0000000001110100 (  13)                 .FILL x0074
(31EB) 0020  0000000000100000 (  13)                 .FILL x0020
(31EC) 0061  0000000001100001 (  13)                 .FILL x0061
(31ED) 002D  0000000000101101 (  13)                 .FILL x002D
(31EE) 0066  0000000001100110 (  13)                 .FILL x0066
(31EF) 0069  0000000001101001 (  13)                 .FILL x0069
(31F0) 0073  0000000001110011 (  13)                 .FILL x0073
(31F1) 0068  0000000001101000 (  13)                 .FILL x0068
(31F2) 0069  0000000001101001 (  13)                 .FILL x0069
(31F3) 006E  0000000001101110 (  13)                 .FILL x006E
(31F4) 0067  0000000001100111 (  13)                 .FILL x0067
(31F5) 002C  0000000000101100 (  13)                 .FILL x002C
(31F6) 0000  0000000000000000 (  13)                 .FILL x0000
(31F7) 0046  0000000001000110 (  14)                 .FILL x0046
(31F8) 006F  0000000001101111 (  14)                 .FILL x006F
(31F9) 0072  0000000001110010 (  14)                 .FILL x0072
(31FA) 0020  0000000000100000 (  14)                 .FILL x0020
(31FB) 0074  0000000001110100 (  14)                 .FILL x0074
(31FC) 006F  0000000001101111 (  14)                 .FILL x006F
(31FD) 0020  0000000000100000 (  14)                 .FILL x0020
(31FE) 0063  0000000001100011 (  14)                 .FILL x0063
(31FF) 0061  0000000001100001 (  14)                 .FILL x0061
(3200) 0074  0000000001110100 (  14)                 .FILL x0074
(3201) 0063  0000000001100011 (  14)                 .FILL x0063
(3202) 0068  0000000001101000 (  14)                 .FILL x0068
(3203) 0020  0000000000100000 (  14)                 .FILL x0020
(3204) 0061  0000000001100001 (  14)                 .FILL x0061
(3205) 0020  0000000000100000 (  14)                 .FILL x0020
(3206) 0077  0000000001110111 (  14)                 .FILL x0077
(3207) 0068  0000000001101000 (  14)                 .FILL x0068
(3208) 0061  0000000001100001 (  14)                 .FILL x0061
(3209) 006C  0000000001101100 (  14)                 .FILL x006C
(320A) 0065  0000000001100101 (  14)                 .FILL x0065
(320B) 003B  0000000000111011 (  14)                 .FILL x003B
(320C) 0000  0000000000000000 (  14)                 .FILL x0000
(320D) 0041  0000000001000001 (  15)                 .FILL x0041
(320E) 006C  0000000001101100 (  15)                 .FILL x006C
(320F) 006C  0000000001101100 (  15)                 .FILL x006C
(3210) 0020  0000000000100000 (  15)                 .FILL x0020
(3211) 0074  0000000001110100 (  15)                 .FILL x0074
(3212) 0068  0000000001101000 (  15)                 .FILL x0068
(3213) 0065  0000000001100101 (  15)                 .FILL x0065
(3214) 0020  0000000000100000 (  15)                 .FILL x0020
(3215) 0077  0000000001110111 (  15)                 .FILL x0077
(3216) 0061  0000000001100001 (  15)                 .FILL x0061
(3217) 0074  0000000001110100 (  15)                 .FILL x0074
(3218) 0065  0000000001100101 (  15)                 .FILL x0065
(3219) 0072  0000000001110010 (  15)                 .FILL x0072
(321A) 0020  0000000000100000 (  15)                 .FILL x0020
(321B) 0068  0000000001101000 (  15)                 .FILL x0068
(321C) 0065  0000000001100101 (  15)                 .FILL x0065
(321D) 0020  0000000000100000 (  15)                 .FILL x0020
(321E) 0068  0000000001101000 (  15)                 .FILL x0068
(321F) 0061  0000000001100001 (  15)                 .FILL x0061
(3220) 0064  0000000001100100 (  15)                 .FILL x0064
(3221) 0020  0000000000100000 (  15)                 .FILL x0020
(3222) 0067  0000000001100111 (  15)                 .FILL x0067
(3223) 006F  0000000001101111 (  15)                 .FILL x006F
(3224) 0074  0000000001110100 (  15)                 .FILL x0074
(3225) 002C  0000000000101100 (  15)                 .FILL x002C
(3226) 0000  0000000000000000 (  15)                 .FILL x0000
(3227) 0057  0000000001010111 (  16)                 .FILL x0057
(3228) 0061  0000000001100001 (  16)                 .FILL x0061
(3229) 0073  0000000001110011 (  16)                 .FILL x0073
(322A) 0020  0000000000100000 (  16)                 .FILL x0020
(322B) 0069  0000000001101001 (  16)                 .FILL x0069
(322C) 006E  0000000001101110 (  16)                 .FILL x006E
(322D) 0020  0000000000100000 (  16)                 .FILL x0020
(322E) 0068  0000000001101000 (  16)                 .FILL x0068
(322F) 0069  0000000001101001 (  16)                 .FILL x0069
(3230) 0073  0000000001110011 (  16)                 .FILL x0073
(3231) 0020  0000000000100000 (  16)                 .FILL x0020
(3232) 006D  0000000001101101 (  16)                 .FILL x006D
(3233) 006F  0000000001101111 (  16)                 .FILL x006F
(3234) 0074  0000000001110100 (  16)                 .FILL x0074
(3235) 0068  0000000001101000 (  16)                 .FILL x0068
(3236) 0065  0000000001100101 (  16)                 .FILL x0065
(3237) 0072  0000000001110010 (  16)                 .FILL x0072
(3238) 0027  0000000000100111 (  16)                 .FILL x0027
(3239) 0073  0000000001110011 (  16)                 .FILL x0073
(323A) 0020  0000000000100000 (  16)                 .FILL x0020
(323B) 0070  0000000001110000 (  16)                 .FILL x0070
(323C) 0061  0000000001100001 (  16)                 .FILL x0061
(323D) 0069  0000000001101001 (  16)                 .FILL x0069
(323E) 006C  0000000001101100 (  16)                 .FILL x006C
(323F) 002E  0000000000101110 (  16)                 .FILL x002E
(3240) 0000  0000000000000000 (  16)                 .FILL x0000
(3241) 0053  0000000001010011 (  18)                 .FILL x0053
(3242) 0069  0000000001101001 (  18)                 .FILL x0069
(3243) 006D  0000000001101101 (  18)                 .FILL x006D
(3244) 0070  0000000001110000 (  18)                 .FILL x0070
(3245) 006C  0000000001101100 (  18)                 .FILL x006C
(3246) 0065  0000000001100101 (  18)                 .FILL x0065
(3247) 0020  0000000000100000 (  18)                 .FILL x0020
(3248) 0053  0000000001010011 (  18)                 .FILL x0053
(3249) 0069  0000000001101001 (  18)                 .FILL x0069
(324A) 006D  0000000001101101 (  18)                 .FILL x006D
(324B) 006F  0000000001101111 (  18)                 .FILL x006F
(324C) 006E  0000000001101110 (  18)                 .FILL x006E
(324D) 0020  0000000000100000 (  18)                 .FILL x0020
(324E) 0077  0000000001110111 (  18)                 .FILL x0077
(324F) 0065  0000000001100101 (  18)                 .FILL x0065
(3250) 006E  0000000001101110 (  18)                 .FILL x006E
(3251) 0074  0000000001110100 (  18)                 .FILL x0074
(3252) 0020  0000000000100000 (  18)                 .FILL x0020
(3253) 0074  0000000001110100 (  18)                 .FILL x0074
(3254) 006F  0000000001101111 (  18)                 .FILL x006F
(3255) 0020  0000000000100000 (  18)                 .FILL x0020
(3256) 006C  0000000001101100 (  18)                 .FILL x006C
(3257) 006F  0000000001101111 (  18)                 .FILL x006F
(3258) 006F  0000000001101111 (  18)                 .FILL x006F
(3259) 006B  0000000001101011 (  18)                 .FILL x006B
(325A) 0000  0000000000000000 (  18)                 .FILL x0000
(325B) 0049  0000000001001001 (  19)                 .FILL x0049
(325C) 0066  0000000001100110 (  19)                 .FILL x0066
(325D) 0020  0000000000100000 (  19)                 .FILL x0020
(325E) 0070  0000000001110000 (  19)                 .FILL x0070
(325F) 006C  0000000001101100 (  19)                 .FILL x006C
(3260) 0075  0000000001110101 (  19)                 .FILL x0075
(3261) 006D  0000000001101101 (  19)                 .FILL x006D
(3262) 0073  0000000001110011 (  19)                 .FILL x0073
(3263) 0020  0000000000100000 (  19)                 .FILL x0020
(3264) 0067  0000000001100111 (  19)                 .FILL x0067
(3265) 0072  0000000001110010 (  19)                 .FILL x0072
(3266) 0065  0000000001100101 (  19)                 .FILL x0065
(3267) 0077  0000000001110111 (  19)                 .FILL x0077
(3268) 0020  0000000000100000 (  19)                 .FILL x0020
(3269) 006F  0000000001101111 (  19)                 .FILL x006F
(326A) 006E  0000000001101110 (  19)                 .FILL x006E
(326B) 0020  0000000000100000 (  19)                 .FILL x0020
(326C) 0061  0000000001100001 (  19)                 .FILL x0061
(326D) 0020  0000000000100000 (  19)                 .FILL x0020
(326E) 0074  0000000001110100 (  19)                 .FILL x0074
(326F) 0068  0000000001101000 (  19)                 .FILL x0068
(3270) 0069  0000000001101001 (  19)                 .FILL x0069
(3271) 0073  0000000001110011 (  19)                 .FILL x0073
(3272) 0074  0000000001110100 (  19)                 .FILL x0074
(3273) 006C  0000000001101100 (  19)                 .FILL x006C
(3274) 0065  0000000001100101 (  19)                 .FILL x0065
(3275) 003B  0000000000111011 (  19)                 .FILL x003B
(3276) 0000  0000000000000000 (  19)                 .FILL x0000
(3277) 0048  0000000001001000 (  20)                 .FILL x0048
(3278) 0065  0000000001100101 (  20)                 .FILL x0065
(3279) 0020  0000000000100000 (  20)                 .FILL x0020
(327A) 0070  0000000001110000 (  20)                 .FILL x0070
(327B) 0072  0000000001110010 (  20)                 .FILL x0072
(327C) 0069  0000000001101001 (  20)                 .FILL x0069
(327D) 0063  0000000001100011 (  20)                 .FILL x0063
(327E) 006B  0000000001101011 (  20)                 .FILL x006B
(327F) 0065  0000000001100101 (  20)                 .FILL x0065
(3280) 0064  0000000001100100 (  20)                 .FILL x0064
(3281) 0020  0000000000100000 (  20)                 .FILL x0020
(3282) 0068  0000000001101000 (  20)                 .FILL x0068
(3283) 0069  0000000001101001 (  20)                 .FILL x0069
(3284) 0073  0000000001110011 (  20)                 .FILL x0073
(3285) 0020  0000000000100000 (  20)                 .FILL x0020
(3286) 0066  0000000001100110 (  20)                 .FILL x0066
(3287) 0069  0000000001101001 (  20)                 .FILL x0069
(3288) 006E  0000000001101110 (  20)                 .FILL x006E
(3289) 0067  0000000001100111 (  20)                 .FILL x0067
(328A) 0065  0000000001100101 (  20)                 .FILL x0065
(328B) 0072  0000000001110010 (  20)                 .FILL x0072
(328C) 0073  0000000001110011 (  20)                 .FILL x0073
(328D) 0020  0000000000100000 (  20)                 .FILL x0020
(328E) 0076  0000000001110110 (  20)                 .FILL x0076
(328F) 0065  0000000001100101 (  20)                 .FILL x0065
(3290) 0072  0000000001110010 (  20)                 .FILL x0072
(3291) 0079  0000000001111001 (  20)                 .FILL x0079
(3292) 0020  0000000000100000 (  20)                 .FILL x0020
(3293) 006D  0000000001101101 (  20)                 .FILL x006D
(3294) 0075  0000000001110101 (  20)                 .FILL x0075
(3295) 0063  0000000001100011 (  20)                 .FILL x0063
(3296) 0068  0000000001101000 (  20)                 .FILL x0068
(3297) 002C  0000000000101100 (  20)                 .FILL x002C
(3298) 0000  0000000000000000 (  20)                 .FILL x0000
(3299) 0057  0000000001010111 (  21)                 .FILL x0057
(329A) 0068  0000000001101000 (  21)                 .FILL x0068
(329B) 0069  0000000001101001 (  21)                 .FILL x0069
(329C) 0063  0000000001100011 (  21)                 .FILL x0063
(329D) 0068  0000000001101000 (  21)                 .FILL x0068
(329E) 0020  0000000000100000 (  21)                 .FILL x0020
(329F) 006D  0000000001101101 (  21)                 .FILL x006D
(32A0) 0061  0000000001100001 (  21)                 .FILL x0061
(32A1) 0064  0000000001100100 (  21)                 .FILL x0064
(32A2) 0065  0000000001100101 (  21)                 .FILL x0065
(32A3) 0020  0000000000100000 (  21)                 .FILL x0020
(32A4) 0070  0000000001110000 (  21)                 .FILL x0070
(32A5) 006F  0000000001101111 (  21)                 .FILL x006F
(32A6) 006F  0000000001101111 (  21)                 .FILL x006F
(32A7) 0072  0000000001110010 (  21)                 .FILL x0072
(32A8) 0020  0000000000100000 (  21)                 .FILL x0020
(32A9) 0053  0000000001010011 (  21)                 .FILL x0053
(32AA) 0069  0000000001101001 (  21)                 .FILL x0069
(32AB) 006D  0000000001101101 (  21)                 .FILL x006D
(32AC) 006F  0000000001101111 (  21)                 .FILL x006F
(32AD) 006E  0000000001101110 (  21)                 .FILL x006E
(32AE) 0020  0000000000100000 (  21)                 .FILL x0020
(32AF) 0077  0000000001110111 (  21)                 .FILL x0077
(32B0) 0068  0000000001101000 (  21)                 .FILL x0068
(32B1) 0069  0000000001101001 (  21)                 .FILL x0069
(32B2) 0073  0000000001110011 (  21)                 .FILL x0073
(32B3) 0074  0000000001110100 (  21)                 .FILL x0074
(32B4) 006C  0000000001101100 (  21)                 .FILL x006C
(32B5) 0065  0000000001100101 (  21)                 .FILL x0065
(32B6) 002E  0000000000101110 (  21)                 .FILL x002E
(32B7) 0000  0000000000000000 (  21)                 .FILL x0000
(32B8) 0004  0000000000000100 (  23)                 .FILL x0004
